<?xml version="1.0" encoding="UTF-8"?>
<!-- Generated by org.testng.reporters.JUnitReportReporter -->
<testsuite hostname="DESKTOP-GU0AKB7" name="Practise.A" tests="1" failures="0" timestamp="21 Feb 2018 11:29:29 GMT" time="0.331" errors="0">
  <testcase name="B" time="0.331" classname="Practise.A"/>
</testsuite> <!-- Practise.A -->
