<?xml version="1.0" encoding="UTF-8"?>
<!-- Generated by org.testng.reporters.JUnitReportReporter -->
<testsuite hostname="DESKTOP-GU0AKB7" name="test.TestSuite" tests="2" failures="0" timestamp="23 Feb 2018 07:03:23 GMT" time="17.651" errors="0">
  <testcase name="Login_Valid" time="4.561" classname="test.TestSuite"/>
  <testcase name="Login_Invalid" time="13.090" classname="test.TestSuite"/>
</testsuite> <!-- test.TestSuite -->
